 mcc--mcc-mcc-mcc-mcc-mcc-mcc-mcc-mcc-mcc-mcc-mcc-mcc-mcc-mcc-mcc-mcc-mcc-mcc-mcc-mcc--mcc
 mcc                                                                                   mcc
 mcc                                   M C C - 3.1.2                                   mcc
 mcc                 (Multigroup Cross section generation Code 3.1.2)                  mcc
 mcc                                                                                   mcc
 mcc                            Nuclear Engineering Division                           mcc
 mcc                            Argonne National Laboratory                            mcc
 mcc         Copyright(c) July 2012 UChicago Argonne, LLC. All Rights Reserved.        mcc
 mcc                 ANL-SF-12-029, nera-software@anl.gov; clee@anl.gov                mcc
 mcc                                                                                   mcc
 mcc----------------------------------- Notification ----------------------------------mcc
 mcc   This software and manual disclose material protected under copyright law, and   mcc
 mcc      further dissemination is prohibited without prior written consent of the     mcc
 mcc                  patent counsel of Argonne National Laboratory.                   mcc
 mcc                                                                                   mcc
 mcc    This software and manual are supplied "As Is" without warranty of any kind.    mcc
 mcc Neither the United States Government, nor the United States Department of Energy, mcc
 mcc     nor UChicago Argonne, LLC, nor any of their employees, makes any warranty,    mcc
 mcc    express or implied, or assumes any legal liability or responsibility for the   mcc
 mcc     accuracy, completeness, or usefulness of any information, data, apparatus,    mcc
 mcc    product, or process disclosed, or represents that its use would not infringe   mcc
 mcc                              privately owned rights.                              mcc
 mcc--mcc-mcc-mcc-mcc-mcc-mcc-mcc-mcc-mcc-mcc-mcc-mcc-mcc-mcc-mcc-mcc-mcc-mcc-mcc-mcc--mcc
 Job started at 16:02:35.13 02/21/2020 cool1934p02.engin.umich.edu
 
&control
   c_isotxs_conversion = bin2asc
/
&output
   c_isotxs_file = ISOTXS.IC
                   ISOTXS.OC
                   ISOTXS.other
/
 
 
@input information------------------------------------------------------------------------
 reading input ...
 converting ISOTXS from binary to ASCII ...
 open file:   ISOTXS.merged
 open file:   ISOTXS.merged.ascii
 
 Number of the requested isotopes =    0
 Number of the matched isotopes   =  689
  File Order   User ID   Nucl ID    Mass    Fission E    Capture E Temp(K)   Pot S
     1     1  U234I     U234_7    234.04  3.07347E-11  8.48761E-13   794.0  10.021
     1     2  U235I     U235_7    235.04  3.09980E-11  1.04861E-12   794.0  11.586
     1     3  U236I     U236_7    236.05  3.11592E-11  8.21220E-13   794.0  10.995
     1     4  U238I     U238_7    238.05  3.17267E-11  7.70049E-13   794.0  11.293
     1     5  Np37I     NP2377    237.05  3.14604E-11  8.78271E-13   794.0  13.854
     1     6  Pu36I     PU2367    236.05  3.12409E-11  9.41557E-13   794.0  11.246
     1     7  Pu38I     PU2387    238.05  3.16222E-11  7.69969E-13   794.0  10.890
     1     8  Pu39I     PU2397    239.05  3.18568E-11  1.04676E-12   794.0  11.127
     1     9  Pu40I     PU2407    240.05  3.19571E-11  8.39661E-13   794.0   9.909
     1    10  Pu41I     PU2417    241.05  3.23592E-11  1.00945E-12   794.0  11.437
     1    11  Pu42I     PU2427    242.06  3.22951E-11  8.12425E-13   794.0  10.694
     1    12  A241I     AM2417    241.06  3.23560E-11  8.87419E-13   794.0  11.033
     1    13  A42mI     AM42M7    242.06  3.20420E-11  1.02054E-12   794.0  10.562
     1    14  A243I     AM2437    243.06  3.26220E-11  8.59190E-13   794.0  11.824
     1    15  Cm42I     CM2427    242.06  3.24505E-11  9.13678E-13   794.0  10.200
     1    16  Cm43I     CM2437    243.06  3.20420E-11  1.08935E-12   794.0  11.283
     1    17  Cm44I     CM2447    244.06  3.20420E-11  8.84748E-13   794.0  15.763
     1    18  Cm45I     CM2457    245.07  3.20420E-11  1.03335E-12   794.0  11.390
     1    19  Cm46I     CM2467    246.07  3.20420E-11  8.26684E-13   794.0  10.276
     1    20  Zr90I     ZR90_7     89.90  0.00000E+00  1.15255E-12   794.0   6.514
     1    21  Zr91I     ZR91_7     90.91  0.00000E+00  1.38343E-12   794.0   6.514
     1    22  Zr92I     ZR92_7     91.91  0.00000E+00  1.07853E-12   794.0   6.514
     1    23  Zr94I     ZR94_7     93.91  0.00000E+00  1.03670E-12   794.0   6.514
     1    24  Zr96I     ZR96_7     95.91  0.00000E+00  8.94114E-13   794.0   5.811
     1    25  Fe54I     FE54_7     53.94  0.00000E+00  1.48963E-12   731.0   3.774
     1    26  Fe56I     FE56_7     55.93  0.00000E+00  1.22498E-12   731.0   3.715
     1    27  Fe57I     FE57_7     56.94  0.00000E+00  1.60924E-12   731.0   4.374
     1    28  Fe58I     FE58_7     57.93  0.00000E+00  1.05434E-12   731.0   6.514
     1    29  Cr50I     CR50_7     49.95  0.00000E+00  1.48382E-12   731.0   3.631
     1    30  Cr52I     CR52_7     51.94  0.00000E+00  1.27194E-12   731.0   3.725
     1    31  Cr53I     CR53_7     52.94  0.00000E+00  1.55710E-12   731.0   3.772
     1    32  Cr54I     CR54_7     53.94  0.00000E+00  1.00073E-12   731.0   3.819
     1    33  Mn55I     MN55_7     54.94  0.00000E+00  1.16481E-12   731.0   3.333
     1    34  Ni58I     NI58_7     57.94  0.00000E+00  1.44181E-12   731.0   5.147
     1    35  Ni60I     NI60_7     59.93  0.00000E+00  1.25285E-12   731.0   4.524
     1    36  Ni61I     NI61_7     60.93  0.00000E+00  1.69780E-12   731.0   5.309
     1    37  Ni62I     NI62_7     61.93  0.00000E+00  1.09550E-12   731.0   4.831
     1    38  Ni64I     NI64_7     63.93  0.00000E+00  9.76970E-13   731.0   7.163
     1    39  Mo92I     MO92_7     91.91  0.00000E+00  1.29248E-12   731.0   6.158
     1    40  Mo94I     MO94_7     93.91  0.00000E+00  1.18094E-12   731.0   5.983
     1    41  Mo95I     MO95_7     94.91  0.00000E+00  1.46656E-12   731.0   6.158
     1    42  Mo96I     MO96_7     95.90  0.00000E+00  1.09281E-12   731.0   6.158
     1    43  Mo97I     MO97_7     96.91  0.00000E+00  1.38458E-12   731.0   5.983
     1    44  Mo98I     MO98_7     97.91  0.00000E+00  9.49339E-13   731.0   5.983
     1    45  Mo00I     MO1007     99.91  0.00000E+00  8.64846E-13   731.0   5.983
     1    46  Na23I     NA23_7     22.99  0.00000E+00  1.11498E-12   706.0   3.678
     1    47  Y91_F     Y91__7     90.91  0.00000E+00  1.04840E-12   794.0   5.721
     1    48  DUMP2     DUMMY       0.00  0.00000E+00  0.00000E+00   794.0   0.000
     1    49  AG07F     AG1077    106.91  0.00000E+00  1.16468E-12   794.0   5.474
     1    50  AG09F     AG1097    108.90  0.00000E+00  1.09087E-12   794.0   5.474
     1    51  AG0MF     AG10M7    109.91  0.00000E+00  1.41648E-12   794.0   5.474
     1    52  AG11F     AG1117    110.91  0.00000E+00  1.03800E-12   794.0   5.474
     1    53  AS75F     AS75_7     74.92  0.00000E+00  1.17418E-12   794.0   5.641
     1    54  BA32F     BA1327    131.91  0.00000E+00  1.15149E-12   794.0   3.541
     1    55  BA33F     BA1337    132.91  0.00000E+00  1.51687E-12   794.0   3.530
     1    56  BA34F     BA1347    133.90  0.00000E+00  1.11721E-12   794.0   3.530
     1    57  BA35F     BA1357    134.91  0.00000E+00  1.45909E-12   794.0   3.530
     1    58  BA36F     BA1367    135.90  0.00000E+00  1.10519E-12   794.0   3.530
     1    59  BA37F     BA1377    136.91  0.00000E+00  1.37963E-12   794.0   3.530
     1    60  BA38F     BA1387    137.90  0.00000E+00  7.56736E-13   794.0   3.530
     1    61  BA40F     BA1407    139.91  0.00000E+00  7.73045E-13   794.0   4.882
     1    62  BR79F     BR79_7     78.92  0.00000E+00  1.26444E-12   794.0   5.491
     1    63  BR81F     BR81_7     80.92  0.00000E+00  1.21654E-12   794.0   5.983
     1    64  CD06F     CD1067    105.91  0.00000E+00  1.27005E-12   794.0   4.524
     1    65  CD08F     CD1087    107.90  0.00000E+00  1.17434E-12   794.0   4.213
     1    66  CD10F     CD1107    109.90  0.00000E+00  1.11775E-12   794.0   4.213
     1    67  CD11F     CD1117    110.90  0.00000E+00  1.50522E-12   794.0   4.374
     1    68  CD12F     CD1127    111.90  0.00000E+00  1.04774E-12   794.0   4.315
     1    69  CD13F     CD1137    112.90  0.00000E+00  1.44873E-12   794.0   4.988
     1    70  CD14F     CD1147    113.90  0.00000E+00  9.84971E-13   794.0   5.003
     1    71  CD16F     CD1167    115.90  0.00000E+00  9.23611E-13   794.0   4.676
     1    72  CD5MF     CD15M7    114.91  0.00000E+00  1.42282E-12   794.0   4.831
     1    73  CS33F     CS1337    132.91  0.00000E+00  1.10401E-12   794.0   3.530
     1    74  CS34F     CS1347    133.91  0.00000E+00  1.41424E-12   794.0   3.530
     1    75  CS35F     CS1357    134.91  0.00000E+00  1.08372E-12   794.0   6.350
     1    76  CS36F     CS1367    135.91  0.00000E+00  1.32548E-12   794.0   3.401
     1    77  CS37F     CS1377    136.91  0.00000E+00  6.85921E-13   794.0   3.270
     1    78  GA69F     GA69_7     68.93  0.00000E+00  1.22631E-12   794.0   5.641
     1    79  GA71F     GA71_7     70.92  0.00000E+00  1.04476E-12   794.0   5.641
     1    80  GE70F     GE70_7     69.92  0.00000E+00  1.18810E-12   794.0   6.246
     1    81  GE72F     GE72_7     71.92  0.00000E+00  1.08669E-12   794.0   5.309
     1    82  GE73F     GE73_7     72.92  0.00000E+00  1.63353E-12   794.0   5.309
     1    83  GE74F     GE74_7     73.92  0.00000E+00  1.04220E-12   794.0   5.309
     1    84  GE76F     GE76_7     75.92  0.00000E+00  9.72886E-13   794.0   5.309
     1    85  I127F     I127_7    126.90  0.00000E+00  1.09350E-12   794.0   4.524
     1    86  I129F     I129_7    128.91  0.00000E+00  1.03550E-12   794.0   6.182
     1    87  I131F     I131_7    130.91  0.00000E+00  1.01355E-12   794.0   3.662
     1    88  IN13F     IN1137    112.90  0.00000E+00  1.16559E-12   794.0   4.707
     1    89  IN15F     IN1157    114.90  0.00000E+00  1.08677E-12   794.0   5.358
     1    90  MO00F     MO1007     99.91  0.00000E+00  8.64846E-13   794.0   5.983
     1    91  MO94F     MO94_7     93.91  0.00000E+00  1.18094E-12   794.0   5.983
     1    92  MO95F     MO95_7     94.91  0.00000E+00  1.46656E-12   794.0   6.158
     1    93  MO96F     MO96_7     95.90  0.00000E+00  1.09281E-12   794.0   6.158
     1    94  MO97F     MO97_7     96.91  0.00000E+00  1.38458E-12   794.0   5.983
     1    95  MO98F     MO98_7     97.91  0.00000E+00  9.49339E-13   794.0   5.983
     1    96  NB93F     NB93_7     92.90  0.00000E+00  1.15575E-12   794.0   5.983
     1    97  NB94F     NB94_7     93.91  0.00000E+00  1.36031E-12   794.0   6.158
     1    98  NB95F     NB95_7     94.91  0.00000E+00  1.10431E-12   794.0   5.641
     1    99  PD02F     PD1027    101.91  0.00000E+00  1.22150E-12   794.0   5.641
     1   100  PD04F     PD1047    103.90  0.00000E+00  1.13659E-12   794.0   5.446
     1   101  PD05F     PD1057    104.91  0.00000E+00  1.53193E-12   794.0   5.474
     1   102  PD06F     PD1067    105.90  0.00000E+00  1.04751E-12   794.0   5.309
     1   103  PD07F     PD1077    106.91  0.00000E+00  1.47768E-12   794.0   5.309
     1   104  PD08F     PD1087    107.90  0.00000E+00  9.85833E-13   794.0   5.983
     1   105  PD10F     PD1107    109.91  0.00000E+00  9.22230E-13   794.0   5.641
     1   106  RB85F     RB85_7     84.91  0.00000E+00  1.38586E-12   794.0   6.514
     1   107  RB86F     RB86_7     85.91  0.00000E+00  1.58912E-12   794.0   5.474
     1   108  RB87F     RB87_7     86.91  0.00000E+00  9.73707E-13   794.0   6.335
     1   109  RH03F     RH1037    102.91  0.00000E+00  1.12131E-12   794.0   5.408
     1   110  RU00F     RU1007     99.90  0.00000E+00  1.08965E-12   794.0   4.988
     1   111  RU01F     RU1017    100.91  0.00000E+00  1.47698E-12   794.0   5.351
     1   112  RU02F     RU1027    101.91  0.00000E+00  9.98493E-13   794.0   4.988
     1   113  RU03F     RU1037    102.90  0.00000E+00  1.42649E-12   794.0   5.416
     1   114  RU04F     RU1047    103.90  0.00000E+00  9.46857E-13   794.0   4.676
     1   115  RU06F     RU1067    105.91  0.00000E+00  8.72887E-13   794.0   3.341
     1   116  RU98F     RU98_7     97.91  0.00000E+00  1.19600E-12   794.0   4.810
     1   117  RU99F     RU99_7     98.91  0.00000E+00  1.54974E-12   794.0   4.676
     1   118  SB21F     SB1217    120.91  0.00000E+00  1.09057E-12   794.0   4.988
     1   119  SB23F     SB1237    122.91  0.00000E+00  1.03611E-12   794.0   4.374
     1   120  SB24F     SB1247    123.91  0.00000E+00  1.39544E-12   794.0   4.083
     1   121  SB25F     SB1257    124.90  0.00000E+00  9.96729E-13   794.0   4.385
     1   122  SB26F     SB1267    125.91  0.00000E+00  1.34288E-12   794.0   4.374
     1   123  SE74F     SE74_7     73.92  0.00000E+00  1.28612E-12   794.0   7.069
     1   124  SE76F     SE76_7     75.92  0.00000E+00  1.18850E-12   794.0   7.069
     1   125  SE77F     SE77_7     76.92  0.00000E+00  1.68172E-12   794.0   7.069
     1   126  SE78F     SE78_7     77.92  0.00000E+00  1.11516E-12   794.0   8.657
     1   127  SE79F     SE79_7     78.92  0.00000E+00  1.58802E-12   794.0   7.168
     1   128  SE80F     SE80_7     79.92  0.00000E+00  1.07358E-12   794.0   7.069
     1   129  SE82F     SE82_7     81.92  0.00000E+00  9.44500E-13   794.0   5.641
     1   130  SN12F     SN1127    111.90  0.00000E+00  1.24089E-12   794.0   4.831
     1   131  SN14F     SN1147    113.90  0.00000E+00  1.20904E-12   794.0   4.988
     1   132  SN15F     SN1157    114.90  0.00000E+00  1.53199E-12   794.0   4.988
     1   133  SN16F     SN1167    115.90  0.00000E+00  1.11253E-12   794.0   4.831
     1   134  SN17F     SN1177    116.90  0.00000E+00  1.49415E-12   794.0   4.831
     1   135  SN18F     SN1187    117.90  0.00000E+00  1.03888E-12   794.0   4.524
     1   136  SN19F     SN1197    118.90  0.00000E+00  1.45897E-12   794.0   4.956
     1   137  SN20F     SN1207    119.90  0.00000E+00  9.88718E-13   794.0   4.831
     1   138  SN22F     SN1227    121.90  0.00000E+00  9.52671E-13   794.0   4.539
     1   139  SN23F     SN1237    122.91  0.00000E+00  1.36025E-12   794.0   3.868
     1   140  SN24F     SN1247    123.91  0.00000E+00  9.18546E-13   794.0   4.524
     1   141  SN25F     SN1257    124.91  0.00000E+00  1.31260E-12   794.0   4.524
     1   142  SN26F     SN1267    125.91  0.00000E+00  9.04768E-13   794.0   3.916
     1   143  SR84F     SR84_7     83.91  0.00000E+00  1.36659E-12   794.0   6.264
     1   144  SR86F     SR86_7     85.91  0.00000E+00  1.35028E-12   794.0   4.875
     1   145  SR87F     SR87_7     86.91  0.00000E+00  1.78041E-12   794.0   6.353
     1   146  SR88F     SR88_7     87.91  0.00000E+00  1.02006E-12   794.0   6.335
     1   147  SR89F     SR89_7     88.91  0.00000E+00  1.25002E-12   794.0   6.240
     1   148  SR90F     SR90_7     89.91  0.00000E+00  9.29649E-13   794.0   5.804
     1   149  TC99F     TC99_7     98.91  0.00000E+00  1.08366E-12   794.0   6.514
     1   150  TE20F     TE1207    119.90  0.00000E+00  1.14957E-12   794.0   3.631
     1   151  TE22F     TE1227    121.90  0.00000E+00  1.11080E-12   794.0   3.801
     1   152  TE23F     TE1237    122.90  0.00000E+00  1.51005E-12   794.0   4.374
     1   153  TE24F     TE1247    123.90  0.00000E+00  1.05281E-12   794.0   4.227
     1   154  TE25F     TE1257    124.90  0.00000E+00  1.46086E-12   794.0   3.941
     1   155  TE26F     TE1267    125.90  0.00000E+00  1.00778E-12   794.0   4.083
     1   156  TE28F     TE1287    127.90  0.00000E+00  9.75053E-13   794.0   3.801
     1   157  TE30F     TE1307    129.91  0.00000E+00  9.49997E-13   794.0   3.664
     1   158  TE7MF     TE27M7    126.91  0.00000E+00  1.42058E-12   794.0   3.600
     1   159  TE9MF     TE29M7    128.91  0.00000E+00  1.36465E-12   794.0   3.673
     1   160  ZR90F     ZR90_7     89.90  0.00000E+00  1.15255E-12   794.0   6.514
     1   161  ZR91F     ZR91_7     90.91  0.00000E+00  1.38343E-12   794.0   6.514
     1   162  ZR92F     ZR92_7     91.91  0.00000E+00  1.07853E-12   794.0   6.514
     1   163  ZR93F     ZR93_7     92.91  0.00000E+00  1.31670E-12   794.0   6.514
     1   164  ZR94F     ZR94_7     93.91  0.00000E+00  1.03670E-12   794.0   6.514
     1   165  ZR95F     ZR95_7     94.91  0.00000E+00  1.25808E-12   794.0   5.704
     1   166  ZR96F     ZR96_7     95.91  0.00000E+00  8.94114E-13   794.0   5.811
     1   167  XE30F     XE1307    129.90  0.00000E+00  1.05828E-12   794.0   6.207
     1   168  XE31F     XE1317    130.91  0.00000E+00  1.43148E-12   794.0   3.664
     1   169  XE32F     XE1327    131.90  0.00000E+00  1.03148E-12   794.0   3.664
     1   170  XE33F     XE1337    132.91  0.00000E+00  1.36729E-12   794.0   3.574
     1   171  XE34F     XE1347    133.91  0.00000E+00  1.03372E-12   794.0   4.227
     1   172  XE36F     XE1367    135.91  0.00000E+00  6.44813E-13   794.0   6.375
     1   173  KR80F     KR80_7     79.92  0.00000E+00  1.26268E-12   794.0   5.491
     1   174  KR82F     KR82_7     81.91  0.00000E+00  1.19598E-12   794.0   6.881
     1   175  KR83F     KR83_7     82.91  0.00000E+00  1.68541E-12   794.0   6.210
     1   176  KR84F     KR84_7     83.91  0.00000E+00  1.13932E-12   794.0   5.983
     1   177  KR85F     KR85_7     84.91  0.00000E+00  1.57903E-12   794.0   6.158
     1   178  KR86F     KR86_7     85.91  0.00000E+00  8.83621E-13   794.0   6.335
     1   179  XE28F     XE1287    127.90  0.00000E+00  1.10668E-12   794.0   6.151
     1   180  XE29F     XE1297    128.91  0.00000E+00  1.48276E-12   794.0   3.142
     1   181  KR78F     KR78_7     77.92  0.00000E+00  1.33942E-12   794.0   6.158
     1   182  CE38F     CE1387    137.91  0.00000E+00  1.19437E-12   794.0   3.017
     1   183  CE39F     CE1397    138.91  0.00000E+00  1.47409E-12   794.0   3.017
     1   184  CE40F     CE1407    139.90  0.00000E+00  8.69684E-13   794.0   3.941
     1   185  CE41F     CE1417    140.91  0.00000E+00  1.14848E-12   794.0   3.801
     1   186  CE42F     CE1427    141.91  0.00000E+00  8.24189E-13   794.0   4.083
     1   187  CE44F     CE1447    143.91  0.00000E+00  7.62662E-13   794.0   2.993
     1   188  DY56F     DY1567    155.92  0.00000E+00  1.11650E-12   794.0   7.069
     1   189  DY58F     DY1587    157.92  0.00000E+00  1.09439E-12   794.0   6.881
     1   190  DY60F     DY1607    159.92  0.00000E+00  1.03400E-12   794.0   6.986
     1   191  DY61F     DY1617    160.93  0.00000E+00  1.31308E-12   794.0   7.012
     1   192  DY62F     DY1627    161.93  0.00000E+00  1.00468E-12   794.0   4.374
     1   193  DY63F     DY1637    162.93  0.00000E+00  1.22689E-12   794.0   7.064
     1   194  DY64F     DY1647    163.93  0.00000E+00  9.15600E-13   794.0   7.090
     1   195  ER62F     ER1627    161.93  0.00000E+00  1.10620E-12   794.0   8.245
     1   196  ER64F     ER1647    163.93  0.00000E+00  1.06535E-12   794.0   8.245
     1   197  ER66F     ER1667    165.93  0.00000E+00  1.03122E-12   794.0   8.245
     1   198  ER67F     ER1677    166.93  0.00000E+00  1.24494E-12   794.0   7.843
     1   199  ER68F     ER1687    167.93  0.00000E+00  9.61853E-13   794.0   7.645
     1   200  ER70F     ER1707    169.94  0.00000E+00  9.10265E-13   794.0   8.450
     1   201  EU51F     EU1517    150.92  0.00000E+00  1.01059E-12   794.0   7.843
     1   202  EU52F     EU1527    151.92  0.00000E+00  1.36986E-12   794.0   9.731
     1   203  EU53F     EU1537    152.92  0.00000E+00  1.03210E-12   794.0   8.450
     1   204  EU54F     EU1547    153.92  0.00000E+00  1.30606E-12   794.0   8.042
     1   205  EU55F     EU1557    154.92  0.00000E+00  1.01551E-12   794.0   9.359
     1   206  EU56F     EU1567    155.93  0.00000E+00  1.19411E-12   794.0   6.289
     1   207  GD52F     GD1527    151.92  0.00000E+00  1.00083E-12   794.0   8.042
     1   208  GD53F     GD1537    152.92  0.00000E+00  1.42491E-12   794.0   9.079
     1   209  GD54F     GD1547    153.92  0.00000E+00  1.03095E-12   794.0   6.881
     1   210  GD55F     GD1557    154.92  0.00000E+00  1.36755E-12   794.0   7.843
     1   211  GD56F     GD1567    155.92  0.00000E+00  1.01894E-12   794.0   7.843
     1   212  GD57F     GD1577    156.92  0.00000E+00  1.27159E-12   794.0   7.843
     1   213  GD58F     GD1587    157.92  0.00000E+00  9.52128E-13   794.0   7.645
     1   214  GD60F     GD1607    159.93  0.00000E+00  9.02783E-13   794.0   7.024
     1   215  HO65F     HO1657    164.93  0.00000E+00  1.00009E-12   794.0   7.451
     1   216  HO6MF     HO66M7    165.93  0.00000E+00  1.16793E-12   794.0   7.258
     1   217  LA38F     LA1387    137.91  0.00000E+00  1.40639E-12   794.0   3.530
     1   218  LA39F     LA1397    138.90  0.00000E+00  8.26732E-13   794.0   3.017
     1   219  ND42F     ND1427    141.91  0.00000E+00  9.80966E-13   794.0   3.941
     1   220  ND43F     ND1437    142.91  0.00000E+00  1.25220E-12   794.0   3.941
     1   221  ND44F     ND1447    143.91  0.00000E+00  9.22169E-13   794.0   5.147
     1   222  ND45F     ND1457    144.91  0.00000E+00  1.21199E-12   794.0   4.524
     1   223  ND46F     ND1467    145.91  0.00000E+00  8.47671E-13   794.0   6.514
     1   224  ND47F     ND1477    146.92  0.00000E+00  1.17482E-12   794.0   8.657
     1   225  ND48F     ND1487    147.92  0.00000E+00  8.07138E-13   794.0   6.158
     1   226  ND50F     ND1507    149.92  0.00000E+00  8.54560E-13   794.0   6.158
     1   227  PM47F     PM1477    146.92  0.00000E+00  9.45462E-13   794.0   8.450
     1   228  PM48F     PM1487    147.92  0.00000E+00  1.16383E-12   794.0   2.026
     1   229  PM8MF     PM48M7    147.92  0.00000E+00  1.18684E-12   794.0   5.117
     1   230  PR41F     PR1417    140.91  0.00000E+00  9.35947E-13   794.0   3.017
     1   231  PR43F     PR1437    142.91  0.00000E+00  9.22231E-13   794.0   3.142
     1   232  SM47F     SM1477    146.92  0.00000E+00  1.30443E-12   794.0   8.657
     1   233  SM48F     SM1487    147.91  0.00000E+00  9.40593E-13   794.0   8.657
     1   234  SM49F     SM1497    148.92  0.00000E+00  1.27928E-12   794.0   8.657
     1   235  SM50F     SM1507    149.92  0.00000E+00  8.96535E-13   794.0   8.042
     1   236  SM51F     SM1517    150.92  0.00000E+00  1.32301E-12   794.0   8.657
     1   237  SM52F     SM1527    151.92  0.00000E+00  9.39952E-13   794.0   8.657
     1   238  SM54F     SM1547    153.92  0.00000E+00  9.30339E-13   794.0   8.042
     1   239  TB59F     TB1597    158.93  0.00000E+00  1.02140E-12   794.0   7.335
     1   240  TB60F     TB1607    159.93  0.00000E+00  1.23314E-12   794.0   6.697
     1   241  Y89_F     Y89__7     88.91  0.00000E+00  1.09856E-12   794.0   5.709
     1   242  DUMP1     DUMMY       0.00  0.00000E+00  0.00000E+00   794.0   0.000
     1   243  FU35I     FU35I     160.74  0.00000E+00  1.05056E-12   794.0   5.342
     1   244  FU38I     FU38I     164.57  0.00000E+00  1.06184E-12   794.0   5.232
     1   245  FN37I     FN37I     167.02  0.00000E+00  1.06079E-12   794.0   5.231
     1   246  FP38I     FP38I     168.22  0.00000E+00  1.05889E-12   794.0   5.168
     1   247  FP39I     FP39I     172.06  0.00000E+00  1.06639E-12   794.0   5.124
     1   248  FP40I     FP40I     171.67  0.00000E+00  1.06495E-12   794.0   5.107
     1   249  FP41I     FP41I     170.25  0.00000E+00  1.06773E-12   794.0   5.083
     1   250  FP42I     FP42I     170.39  0.00000E+00  1.06771E-12   794.0   5.092
     1   251  FA41I     FA41I     170.23  0.00000E+00  1.06328E-12   794.0   5.122
     1   252  FA43I     FA43I     170.19  0.00000E+00  1.05760E-12   794.0   5.099
     1   253  FC44I     FC44I     162.17  0.00000E+00  1.06043E-12   794.0   5.100
     1   254  EU35I     EU35I      65.51  0.00000E+00  9.60472E-13   794.0   4.553
     1   255  EU38I     EU38I      63.97  0.00000E+00  9.69718E-13   794.0   4.868
     1   256  EN37I     EN37I      59.77  0.00000E+00  9.68324E-13   794.0   4.759
     1   257  EP38I     EP38I      60.95  0.00000E+00  9.64722E-13   794.0   4.849
     1   258  EP39I     EP39I      56.35  0.00000E+00  9.65921E-13   794.0   4.779
     1   259  EP40I     EP40I      58.64  0.00000E+00  9.63696E-13   794.0   4.804
     1   260  EP41I     EP41I      61.51  0.00000E+00  9.64095E-13   794.0   4.844
     1   261  EP42I     EP42I      61.98  0.00000E+00  9.66082E-13   794.0   4.908
     1   262  EA41I     EA41I      61.60  0.00000E+00  9.64674E-13   794.0   4.918
     1   263  EA43I     EA43I      62.86  0.00000E+00  9.63923E-13   794.0   4.855
     1   264  EC44I     EC44I      72.24  0.00000E+00  9.75463E-13   794.0   5.102
     2     1  U234O     U234_7    234.04  3.07347E-11  8.48761E-13   794.0  10.021
     2     2  U235O     U235_7    235.04  3.09980E-11  1.04861E-12   794.0  11.586
     2     3  U236O     U236_7    236.05  3.11592E-11  8.21220E-13   794.0  10.995
     2     4  U238O     U238_7    238.05  3.17267E-11  7.70049E-13   794.0  11.293
     2     5  Np37O     NP2377    237.05  3.14604E-11  8.78271E-13   794.0  13.854
     2     6  Pu36O     PU2367    236.05  3.12409E-11  9.41557E-13   794.0  11.246
     2     7  Pu38O     PU2387    238.05  3.16222E-11  7.69969E-13   794.0  10.890
     2     8  Pu39O     PU2397    239.05  3.18568E-11  1.04676E-12   794.0  11.127
     2     9  Pu40O     PU2407    240.05  3.19571E-11  8.39661E-13   794.0   9.909
     2    10  Pu41O     PU2417    241.05  3.23592E-11  1.00945E-12   794.0  11.437
     2    11  Pu42O     PU2427    242.06  3.22951E-11  8.12425E-13   794.0  10.694
     2    12  A241O     AM2417    241.06  3.23560E-11  8.87419E-13   794.0  11.033
     2    13  A42mO     AM42M7    242.06  3.20420E-11  1.02054E-12   794.0  10.562
     2    14  A243O     AM2437    243.06  3.26220E-11  8.59190E-13   794.0  11.824
     2    15  Cm42O     CM2427    242.06  3.24505E-11  9.13678E-13   794.0  10.200
     2    16  Cm43O     CM2437    243.06  3.20420E-11  1.08935E-12   794.0  11.283
     2    17  Cm44O     CM2447    244.06  3.20420E-11  8.84748E-13   794.0  15.763
     2    18  Cm45O     CM2457    245.07  3.20420E-11  1.03335E-12   794.0  11.390
     2    19  Cm46O     CM2467    246.07  3.20420E-11  8.26684E-13   794.0  10.276
     2    20  Zr90O     ZR90_7     89.90  0.00000E+00  1.15255E-12   794.0   6.514
     2    21  Zr91O     ZR91_7     90.91  0.00000E+00  1.38343E-12   794.0   6.514
     2    22  Zr92O     ZR92_7     91.91  0.00000E+00  1.07853E-12   794.0   6.514
     2    23  Zr94O     ZR94_7     93.91  0.00000E+00  1.03670E-12   794.0   6.514
     2    24  Zr96O     ZR96_7     95.91  0.00000E+00  8.94114E-13   794.0   5.811
     2    25  Fe54O     FE54_7     53.94  0.00000E+00  1.48963E-12   731.0   3.774
     2    26  Fe56O     FE56_7     55.93  0.00000E+00  1.22498E-12   731.0   3.715
     2    27  Fe57O     FE57_7     56.94  0.00000E+00  1.60924E-12   731.0   4.374
     2    28  Fe58O     FE58_7     57.93  0.00000E+00  1.05434E-12   731.0   6.514
     2    29  Cr50O     CR50_7     49.95  0.00000E+00  1.48382E-12   731.0   3.631
     2    30  Cr52O     CR52_7     51.94  0.00000E+00  1.27194E-12   731.0   3.725
     2    31  Cr53O     CR53_7     52.94  0.00000E+00  1.55710E-12   731.0   3.772
     2    32  Cr54O     CR54_7     53.94  0.00000E+00  1.00073E-12   731.0   3.819
     2    33  Mn55O     MN55_7     54.94  0.00000E+00  1.16481E-12   731.0   3.333
     2    34  Ni58O     NI58_7     57.94  0.00000E+00  1.44181E-12   731.0   5.147
     2    35  Ni60O     NI60_7     59.93  0.00000E+00  1.25285E-12   731.0   4.524
     2    36  Ni61O     NI61_7     60.93  0.00000E+00  1.69780E-12   731.0   5.309
     2    37  Ni62O     NI62_7     61.93  0.00000E+00  1.09550E-12   731.0   4.831
     2    38  Ni64O     NI64_7     63.93  0.00000E+00  9.76970E-13   731.0   7.163
     2    39  Mo92O     MO92_7     91.91  0.00000E+00  1.29248E-12   731.0   6.158
     2    40  Mo94O     MO94_7     93.91  0.00000E+00  1.18094E-12   731.0   5.983
     2    41  Mo95O     MO95_7     94.91  0.00000E+00  1.46656E-12   731.0   6.158
     2    42  Mo96O     MO96_7     95.90  0.00000E+00  1.09281E-12   731.0   6.158
     2    43  Mo97O     MO97_7     96.91  0.00000E+00  1.38458E-12   731.0   5.983
     2    44  Mo98O     MO98_7     97.91  0.00000E+00  9.49339E-13   731.0   5.983
     2    45  Mo00O     MO1007     99.91  0.00000E+00  8.64846E-13   731.0   5.983
     2    46  C12_O     C____7     12.00  0.00000E+00  7.92559E-13   731.0   4.739
     2    47  B10_O     B10__7     10.01  0.00000E+00  1.83537E-12   731.0   2.142
     2    48  B11_O     B11__7     11.01  0.00000E+00  5.39887E-13   731.0   4.840
     2    49  Na23O     NA23_7     22.99  0.00000E+00  1.11498E-12   706.0   3.678
     2    50  AG07G     AG1077    106.91  0.00000E+00  1.16468E-12   794.0   5.474
     2    51  AG09G     AG1097    108.90  0.00000E+00  1.09087E-12   794.0   5.474
     2    52  AG0MG     AG10M7    109.91  0.00000E+00  1.41648E-12   794.0   5.474
     2    53  AG11G     AG1117    110.91  0.00000E+00  1.03800E-12   794.0   5.474
     2    54  AS75G     AS75_7     74.92  0.00000E+00  1.17418E-12   794.0   5.641
     2    55  BA32G     BA1327    131.91  0.00000E+00  1.15149E-12   794.0   3.541
     2    56  BA33G     BA1337    132.91  0.00000E+00  1.51687E-12   794.0   3.530
     2    57  BA34G     BA1347    133.90  0.00000E+00  1.11721E-12   794.0   3.530
     2    58  BA35G     BA1357    134.91  0.00000E+00  1.45909E-12   794.0   3.530
     2    59  BA36G     BA1367    135.90  0.00000E+00  1.10519E-12   794.0   3.530
     2    60  BA37G     BA1377    136.91  0.00000E+00  1.37963E-12   794.0   3.530
     2    61  BA38G     BA1387    137.90  0.00000E+00  7.56736E-13   794.0   3.530
     2    62  BA40G     BA1407    139.91  0.00000E+00  7.73045E-13   794.0   4.882
     2    63  BR79G     BR79_7     78.92  0.00000E+00  1.26444E-12   794.0   5.491
     2    64  BR81G     BR81_7     80.92  0.00000E+00  1.21654E-12   794.0   5.983
     2    65  CD06G     CD1067    105.91  0.00000E+00  1.27005E-12   794.0   4.524
     2    66  CD08G     CD1087    107.90  0.00000E+00  1.17434E-12   794.0   4.213
     2    67  CD10G     CD1107    109.90  0.00000E+00  1.11775E-12   794.0   4.213
     2    68  CD11G     CD1117    110.90  0.00000E+00  1.50522E-12   794.0   4.374
     2    69  CD12G     CD1127    111.90  0.00000E+00  1.04774E-12   794.0   4.315
     2    70  CD13G     CD1137    112.90  0.00000E+00  1.44873E-12   794.0   4.988
     2    71  CD14G     CD1147    113.90  0.00000E+00  9.84971E-13   794.0   5.003
     2    72  CD16G     CD1167    115.90  0.00000E+00  9.23611E-13   794.0   4.676
     2    73  CD5MG     CD15M7    114.91  0.00000E+00  1.42282E-12   794.0   4.831
     2    74  CS33G     CS1337    132.91  0.00000E+00  1.10401E-12   794.0   3.530
     2    75  CS34G     CS1347    133.91  0.00000E+00  1.41424E-12   794.0   3.530
     2    76  CS35G     CS1357    134.91  0.00000E+00  1.08372E-12   794.0   6.350
     2    77  CS36G     CS1367    135.91  0.00000E+00  1.32548E-12   794.0   3.401
     2    78  CS37G     CS1377    136.91  0.00000E+00  6.85921E-13   794.0   3.270
     2    79  GA69G     GA69_7     68.93  0.00000E+00  1.22631E-12   794.0   5.641
     2    80  GA71G     GA71_7     70.92  0.00000E+00  1.04476E-12   794.0   5.641
     2    81  GE70G     GE70_7     69.92  0.00000E+00  1.18810E-12   794.0   6.246
     2    82  GE72G     GE72_7     71.92  0.00000E+00  1.08669E-12   794.0   5.309
     2    83  GE73G     GE73_7     72.92  0.00000E+00  1.63353E-12   794.0   5.309
     2    84  GE74G     GE74_7     73.92  0.00000E+00  1.04220E-12   794.0   5.309
     2    85  GE76G     GE76_7     75.92  0.00000E+00  9.72886E-13   794.0   5.309
     2    86  I127G     I127_7    126.90  0.00000E+00  1.09350E-12   794.0   4.524
     2    87  I129G     I129_7    128.91  0.00000E+00  1.03550E-12   794.0   6.182
     2    88  I131G     I131_7    130.91  0.00000E+00  1.01355E-12   794.0   3.662
     2    89  IN13G     IN1137    112.90  0.00000E+00  1.16559E-12   794.0   4.707
     2    90  IN15G     IN1157    114.90  0.00000E+00  1.08677E-12   794.0   5.358
     2    91  MO00G     MO1007     99.91  0.00000E+00  8.64846E-13   794.0   5.983
     2    92  MO94G     MO94_7     93.91  0.00000E+00  1.18094E-12   794.0   5.983
     2    93  MO95G     MO95_7     94.91  0.00000E+00  1.46656E-12   794.0   6.158
     2    94  MO96G     MO96_7     95.90  0.00000E+00  1.09281E-12   794.0   6.158
     2    95  MO97G     MO97_7     96.91  0.00000E+00  1.38458E-12   794.0   5.983
     2    96  MO98G     MO98_7     97.91  0.00000E+00  9.49339E-13   794.0   5.983
     2    97  NB93G     NB93_7     92.90  0.00000E+00  1.15575E-12   794.0   5.983
     2    98  NB94G     NB94_7     93.91  0.00000E+00  1.36031E-12   794.0   6.158
     2    99  NB95G     NB95_7     94.91  0.00000E+00  1.10431E-12   794.0   5.641
     2   100  PD02G     PD1027    101.91  0.00000E+00  1.22150E-12   794.0   5.641
     2   101  PD04G     PD1047    103.90  0.00000E+00  1.13659E-12   794.0   5.446
     2   102  PD05G     PD1057    104.91  0.00000E+00  1.53193E-12   794.0   5.474
     2   103  PD06G     PD1067    105.90  0.00000E+00  1.04751E-12   794.0   5.309
     2   104  PD07G     PD1077    106.91  0.00000E+00  1.47768E-12   794.0   5.309
     2   105  PD08G     PD1087    107.90  0.00000E+00  9.85833E-13   794.0   5.983
     2   106  PD10G     PD1107    109.91  0.00000E+00  9.22230E-13   794.0   5.641
     2   107  RB85G     RB85_7     84.91  0.00000E+00  1.38586E-12   794.0   6.514
     2   108  RB86G     RB86_7     85.91  0.00000E+00  1.58912E-12   794.0   5.474
     2   109  RB87G     RB87_7     86.91  0.00000E+00  9.73707E-13   794.0   6.335
     2   110  RH03G     RH1037    102.91  0.00000E+00  1.12131E-12   794.0   5.408
     2   111  RU00G     RU1007     99.90  0.00000E+00  1.08965E-12   794.0   4.988
     2   112  RU01G     RU1017    100.91  0.00000E+00  1.47698E-12   794.0   5.351
     2   113  RU02G     RU1027    101.91  0.00000E+00  9.98493E-13   794.0   4.988
     2   114  RU03G     RU1037    102.90  0.00000E+00  1.42649E-12   794.0   5.416
     2   115  RU04G     RU1047    103.90  0.00000E+00  9.46857E-13   794.0   4.676
     2   116  RU06G     RU1067    105.91  0.00000E+00  8.72887E-13   794.0   3.341
     2   117  RU98G     RU98_7     97.91  0.00000E+00  1.19600E-12   794.0   4.810
     2   118  RU99G     RU99_7     98.91  0.00000E+00  1.54974E-12   794.0   4.676
     2   119  SB21G     SB1217    120.91  0.00000E+00  1.09057E-12   794.0   4.988
     2   120  SB23G     SB1237    122.91  0.00000E+00  1.03611E-12   794.0   4.374
     2   121  SB24G     SB1247    123.91  0.00000E+00  1.39544E-12   794.0   4.083
     2   122  SB25G     SB1257    124.90  0.00000E+00  9.96729E-13   794.0   4.385
     2   123  SB26G     SB1267    125.91  0.00000E+00  1.34288E-12   794.0   4.374
     2   124  SE74G     SE74_7     73.92  0.00000E+00  1.28612E-12   794.0   7.069
     2   125  SE76G     SE76_7     75.92  0.00000E+00  1.18850E-12   794.0   7.069
     2   126  SE77G     SE77_7     76.92  0.00000E+00  1.68172E-12   794.0   7.069
     2   127  SE78G     SE78_7     77.92  0.00000E+00  1.11516E-12   794.0   8.657
     2   128  SE79G     SE79_7     78.92  0.00000E+00  1.58802E-12   794.0   7.168
     2   129  SE80G     SE80_7     79.92  0.00000E+00  1.07358E-12   794.0   7.069
     2   130  SE82G     SE82_7     81.92  0.00000E+00  9.44500E-13   794.0   5.641
     2   131  SN12G     SN1127    111.90  0.00000E+00  1.24089E-12   794.0   4.831
     2   132  SN14G     SN1147    113.90  0.00000E+00  1.20904E-12   794.0   4.988
     2   133  SN15G     SN1157    114.90  0.00000E+00  1.53199E-12   794.0   4.988
     2   134  SN16G     SN1167    115.90  0.00000E+00  1.11253E-12   794.0   4.831
     2   135  SN17G     SN1177    116.90  0.00000E+00  1.49415E-12   794.0   4.831
     2   136  SN18G     SN1187    117.90  0.00000E+00  1.03888E-12   794.0   4.524
     2   137  SN19G     SN1197    118.90  0.00000E+00  1.45897E-12   794.0   4.956
     2   138  SN20G     SN1207    119.90  0.00000E+00  9.88718E-13   794.0   4.831
     2   139  SN22G     SN1227    121.90  0.00000E+00  9.52671E-13   794.0   4.539
     2   140  SN23G     SN1237    122.91  0.00000E+00  1.36025E-12   794.0   3.868
     2   141  SN24G     SN1247    123.91  0.00000E+00  9.18546E-13   794.0   4.524
     2   142  SN25G     SN1257    124.91  0.00000E+00  1.31260E-12   794.0   4.524
     2   143  SN26G     SN1267    125.91  0.00000E+00  9.04768E-13   794.0   3.916
     2   144  SR84G     SR84_7     83.91  0.00000E+00  1.36659E-12   794.0   6.264
     2   145  SR86G     SR86_7     85.91  0.00000E+00  1.35028E-12   794.0   4.875
     2   146  SR87G     SR87_7     86.91  0.00000E+00  1.78041E-12   794.0   6.353
     2   147  SR88G     SR88_7     87.91  0.00000E+00  1.02006E-12   794.0   6.335
     2   148  SR89G     SR89_7     88.91  0.00000E+00  1.25002E-12   794.0   6.240
     2   149  SR90G     SR90_7     89.91  0.00000E+00  9.29649E-13   794.0   5.804
     2   150  TC99G     TC99_7     98.91  0.00000E+00  1.08366E-12   794.0   6.514
     2   151  TE20G     TE1207    119.90  0.00000E+00  1.14957E-12   794.0   3.631
     2   152  TE22G     TE1227    121.90  0.00000E+00  1.11080E-12   794.0   3.801
     2   153  TE23G     TE1237    122.90  0.00000E+00  1.51005E-12   794.0   4.374
     2   154  TE24G     TE1247    123.90  0.00000E+00  1.05281E-12   794.0   4.227
     2   155  TE25G     TE1257    124.90  0.00000E+00  1.46086E-12   794.0   3.941
     2   156  TE26G     TE1267    125.90  0.00000E+00  1.00778E-12   794.0   4.083
     2   157  TE28G     TE1287    127.90  0.00000E+00  9.75053E-13   794.0   3.801
     2   158  TE30G     TE1307    129.91  0.00000E+00  9.49997E-13   794.0   3.664
     2   159  TE7MG     TE27M7    126.91  0.00000E+00  1.42058E-12   794.0   3.600
     2   160  TE9MG     TE29M7    128.91  0.00000E+00  1.36465E-12   794.0   3.673
     2   161  ZR90G     ZR90_7     89.90  0.00000E+00  1.15255E-12   794.0   6.514
     2   162  ZR91G     ZR91_7     90.91  0.00000E+00  1.38343E-12   794.0   6.514
     2   163  ZR92G     ZR92_7     91.91  0.00000E+00  1.07853E-12   794.0   6.514
     2   164  ZR93G     ZR93_7     92.91  0.00000E+00  1.31670E-12   794.0   6.514
     2   165  ZR94G     ZR94_7     93.91  0.00000E+00  1.03670E-12   794.0   6.514
     2   166  ZR95G     ZR95_7     94.91  0.00000E+00  1.25808E-12   794.0   5.704
     2   167  ZR96G     ZR96_7     95.91  0.00000E+00  8.94114E-13   794.0   5.811
     2   168  XE30G     XE1307    129.90  0.00000E+00  1.05828E-12   794.0   6.207
     2   169  XE31G     XE1317    130.91  0.00000E+00  1.43148E-12   794.0   3.664
     2   170  XE32G     XE1327    131.90  0.00000E+00  1.03148E-12   794.0   3.664
     2   171  XE33G     XE1337    132.91  0.00000E+00  1.36729E-12   794.0   3.574
     2   172  XE34G     XE1347    133.91  0.00000E+00  1.03372E-12   794.0   4.227
     2   173  XE36G     XE1367    135.91  0.00000E+00  6.44813E-13   794.0   6.375
     2   174  KR80G     KR80_7     79.92  0.00000E+00  1.26268E-12   794.0   5.491
     2   175  KR82G     KR82_7     81.91  0.00000E+00  1.19598E-12   794.0   6.881
     2   176  KR83G     KR83_7     82.91  0.00000E+00  1.68541E-12   794.0   6.210
     2   177  KR84G     KR84_7     83.91  0.00000E+00  1.13932E-12   794.0   5.983
     2   178  KR85G     KR85_7     84.91  0.00000E+00  1.57903E-12   794.0   6.158
     2   179  KR86G     KR86_7     85.91  0.00000E+00  8.83621E-13   794.0   6.335
     2   180  XE28G     XE1287    127.90  0.00000E+00  1.10668E-12   794.0   6.151
     2   181  XE29G     XE1297    128.91  0.00000E+00  1.48276E-12   794.0   3.142
     2   182  KR78G     KR78_7     77.92  0.00000E+00  1.33942E-12   794.0   6.158
     2   183  CE38G     CE1387    137.91  0.00000E+00  1.19437E-12   794.0   3.017
     2   184  CE39G     CE1397    138.91  0.00000E+00  1.47409E-12   794.0   3.017
     2   185  CE40G     CE1407    139.90  0.00000E+00  8.69684E-13   794.0   3.941
     2   186  CE41G     CE1417    140.91  0.00000E+00  1.14848E-12   794.0   3.801
     2   187  CE42G     CE1427    141.91  0.00000E+00  8.24189E-13   794.0   4.083
     2   188  CE44G     CE1447    143.91  0.00000E+00  7.62662E-13   794.0   2.993
     2   189  DY56G     DY1567    155.92  0.00000E+00  1.11650E-12   794.0   7.069
     2   190  DY58G     DY1587    157.92  0.00000E+00  1.09439E-12   794.0   6.881
     2   191  DY60G     DY1607    159.92  0.00000E+00  1.03400E-12   794.0   6.986
     2   192  DY61G     DY1617    160.93  0.00000E+00  1.31308E-12   794.0   7.012
     2   193  DY62G     DY1627    161.93  0.00000E+00  1.00468E-12   794.0   4.374
     2   194  DY63G     DY1637    162.93  0.00000E+00  1.22689E-12   794.0   7.064
     2   195  DY64G     DY1647    163.93  0.00000E+00  9.15600E-13   794.0   7.090
     2   196  ER62G     ER1627    161.93  0.00000E+00  1.10620E-12   794.0   8.245
     2   197  ER64G     ER1647    163.93  0.00000E+00  1.06535E-12   794.0   8.245
     2   198  ER66G     ER1667    165.93  0.00000E+00  1.03122E-12   794.0   8.245
     2   199  ER67G     ER1677    166.93  0.00000E+00  1.24494E-12   794.0   7.843
     2   200  ER68G     ER1687    167.93  0.00000E+00  9.61853E-13   794.0   7.645
     2   201  ER70G     ER1707    169.94  0.00000E+00  9.10265E-13   794.0   8.450
     2   202  EU51G     EU1517    150.92  0.00000E+00  1.01059E-12   794.0   7.843
     2   203  EU52G     EU1527    151.92  0.00000E+00  1.36986E-12   794.0   9.731
     2   204  EU53G     EU1537    152.92  0.00000E+00  1.03210E-12   794.0   8.450
     2   205  EU54G     EU1547    153.92  0.00000E+00  1.30606E-12   794.0   8.042
     2   206  EU55G     EU1557    154.92  0.00000E+00  1.01551E-12   794.0   9.359
     2   207  EU56G     EU1567    155.93  0.00000E+00  1.19411E-12   794.0   6.289
     2   208  GD52G     GD1527    151.92  0.00000E+00  1.00083E-12   794.0   8.042
     2   209  GD53G     GD1537    152.92  0.00000E+00  1.42491E-12   794.0   9.079
     2   210  GD54G     GD1547    153.92  0.00000E+00  1.03095E-12   794.0   6.881
     2   211  GD55G     GD1557    154.92  0.00000E+00  1.36755E-12   794.0   7.843
     2   212  GD56G     GD1567    155.92  0.00000E+00  1.01894E-12   794.0   7.843
     2   213  GD57G     GD1577    156.92  0.00000E+00  1.27159E-12   794.0   7.843
     2   214  GD58G     GD1587    157.92  0.00000E+00  9.52128E-13   794.0   7.645
     2   215  GD60G     GD1607    159.93  0.00000E+00  9.02783E-13   794.0   7.024
     2   216  HO65G     HO1657    164.93  0.00000E+00  1.00009E-12   794.0   7.451
     2   217  HO6MG     HO66M7    165.93  0.00000E+00  1.16793E-12   794.0   7.258
     2   218  LA38G     LA1387    137.91  0.00000E+00  1.40639E-12   794.0   3.530
     2   219  LA39G     LA1397    138.90  0.00000E+00  8.26732E-13   794.0   3.017
     2   220  ND42G     ND1427    141.91  0.00000E+00  9.80966E-13   794.0   3.941
     2   221  ND43G     ND1437    142.91  0.00000E+00  1.25220E-12   794.0   3.941
     2   222  ND44G     ND1447    143.91  0.00000E+00  9.22169E-13   794.0   5.147
     2   223  ND45G     ND1457    144.91  0.00000E+00  1.21199E-12   794.0   4.524
     2   224  ND46G     ND1467    145.91  0.00000E+00  8.47671E-13   794.0   6.514
     2   225  ND47G     ND1477    146.92  0.00000E+00  1.17482E-12   794.0   8.657
     2   226  ND48G     ND1487    147.92  0.00000E+00  8.07138E-13   794.0   6.158
     2   227  ND50G     ND1507    149.92  0.00000E+00  8.54560E-13   794.0   6.158
     2   228  PM47G     PM1477    146.92  0.00000E+00  9.45462E-13   794.0   8.450
     2   229  PM48G     PM1487    147.92  0.00000E+00  1.16383E-12   794.0   2.026
     2   230  PM8MG     PM48M7    147.92  0.00000E+00  1.18684E-12   794.0   5.117
     2   231  PR41G     PR1417    140.91  0.00000E+00  9.35947E-13   794.0   3.017
     2   232  PR43G     PR1437    142.91  0.00000E+00  9.22231E-13   794.0   3.142
     2   233  SM47G     SM1477    146.92  0.00000E+00  1.30443E-12   794.0   8.657
     2   234  SM48G     SM1487    147.91  0.00000E+00  9.40593E-13   794.0   8.657
     2   235  SM49G     SM1497    148.92  0.00000E+00  1.27928E-12   794.0   8.657
     2   236  SM50G     SM1507    149.92  0.00000E+00  8.96535E-13   794.0   8.042
     2   237  SM51G     SM1517    150.92  0.00000E+00  1.32301E-12   794.0   8.657
     2   238  SM52G     SM1527    151.92  0.00000E+00  9.39952E-13   794.0   8.657
     2   239  SM54G     SM1547    153.92  0.00000E+00  9.30339E-13   794.0   8.042
     2   240  TB59G     TB1597    158.93  0.00000E+00  1.02140E-12   794.0   7.335
     2   241  TB60G     TB1607    159.93  0.00000E+00  1.23314E-12   794.0   6.697
     2   242  Y89_G     Y89__7     88.91  0.00000E+00  1.09856E-12   794.0   5.709
     2   243  Y91_G     Y91__7     90.91  0.00000E+00  1.04840E-12   794.0   5.721
     2   244  FU35O     FU35O     160.74  0.00000E+00  1.05056E-12   794.0   5.342
     2   245  FU38O     FU38O     164.57  0.00000E+00  1.06184E-12   794.0   5.232
     2   246  FN37O     FN37O     167.02  0.00000E+00  1.06079E-12   794.0   5.231
     2   247  FP38O     FP38O     168.22  0.00000E+00  1.05889E-12   794.0   5.168
     2   248  FP39O     FP39O     172.06  0.00000E+00  1.06639E-12   794.0   5.124
     2   249  FP40O     FP40O     171.67  0.00000E+00  1.06495E-12   794.0   5.107
     2   250  FP41O     FP41O     170.25  0.00000E+00  1.06773E-12   794.0   5.083
     2   251  FP42O     FP42O     170.39  0.00000E+00  1.06771E-12   794.0   5.092
     2   252  FA41O     FA41O     170.23  0.00000E+00  1.06328E-12   794.0   5.122
     2   253  FA43O     FA43O     170.19  0.00000E+00  1.05760E-12   794.0   5.099
     2   254  FC44O     FC44O     162.17  0.00000E+00  1.06043E-12   794.0   5.100
     2   255  EU35O     EU35O      65.51  0.00000E+00  9.60471E-13   794.0   4.553
     2   256  EU38O     EU38O      63.97  0.00000E+00  9.69718E-13   794.0   4.868
     2   257  EN37O     EN37O      59.77  0.00000E+00  9.68324E-13   794.0   4.759
     2   258  EP38O     EP38O      60.95  0.00000E+00  9.64722E-13   794.0   4.849
     2   259  EP39O     EP39O      56.35  0.00000E+00  9.65921E-13   794.0   4.779
     2   260  EP40O     EP40O      58.64  0.00000E+00  9.63696E-13   794.0   4.804
     2   261  EP41O     EP41O      61.51  0.00000E+00  9.64095E-13   794.0   4.844
     2   262  EP42O     EP42O      61.98  0.00000E+00  9.66082E-13   794.0   4.908
     2   263  EA41O     EA41O      61.60  0.00000E+00  9.64674E-13   794.0   4.918
     2   264  EA43O     EA43O      62.86  0.00000E+00  9.63923E-13   794.0   4.855
     2   265  EC44O     EC44O      72.24  0.00000E+00  9.75463E-13   794.0   5.102
     3     1  Na23U     NA23_7     22.99  0.00000E+00  1.11498E-12   783.0   3.678
     3     2  Fe54U     FE54_7     53.94  0.00000E+00  1.48963E-12   783.0   3.774
     3     3  Fe56U     FE56_7     55.93  0.00000E+00  1.22498E-12   783.0   3.715
     3     4  Fe57U     FE57_7     56.94  0.00000E+00  1.60924E-12   783.0   4.374
     3     5  Fe58U     FE58_7     57.93  0.00000E+00  1.05434E-12   783.0   6.514
     3     6  Cr50U     CR50_7     49.95  0.00000E+00  1.48382E-12   783.0   3.631
     3     7  Cr52U     CR52_7     51.94  0.00000E+00  1.27194E-12   783.0   3.725
     3     8  Cr53U     CR53_7     52.94  0.00000E+00  1.55710E-12   783.0   3.772
     3     9  Cr54U     CR54_7     53.94  0.00000E+00  1.00073E-12   783.0   3.819
     3    10  Mn55U     MN55_7     54.94  0.00000E+00  1.16481E-12   783.0   3.333
     3    11  Ni58U     NI58_7     57.94  0.00000E+00  1.44181E-12   783.0   5.147
     3    12  Ni60U     NI60_7     59.93  0.00000E+00  1.25285E-12   783.0   4.524
     3    13  Ni61U     NI61_7     60.93  0.00000E+00  1.69780E-12   783.0   5.309
     3    14  Ni62U     NI62_7     61.93  0.00000E+00  1.09550E-12   783.0   4.831
     3    15  Ni64U     NI64_7     63.93  0.00000E+00  9.76970E-13   783.0   7.163
     3    16  Mo92U     MO92_7     91.91  0.00000E+00  1.29248E-12   783.0   6.158
     3    17  Mo94U     MO94_7     93.91  0.00000E+00  1.18094E-12   783.0   5.983
     3    18  Mo95U     MO95_7     94.91  0.00000E+00  1.46656E-12   783.0   6.158
     3    19  Mo96U     MO96_7     95.90  0.00000E+00  1.09281E-12   783.0   6.158
     3    20  Mo97U     MO97_7     96.91  0.00000E+00  1.38458E-12   783.0   5.983
     3    21  Mo98U     MO98_7     97.91  0.00000E+00  9.49339E-13   783.0   5.983
     3    22  Mo00U     MO1007     99.91  0.00000E+00  8.64846E-13   783.0   5.983
     3    23  C12_U     C____7     12.00  0.00000E+00  7.92559E-13   783.0   4.739
     3    24  B10_U     B10__7     10.01  0.00000E+00  1.83537E-12   783.0   2.142
     3    25  B11_U     B11__7     11.01  0.00000E+00  5.39887E-13   783.0   4.840
     3    26  Na23T     NA23_7     22.99  0.00000E+00  1.11498E-12   783.0   3.678
     3    27  Fe54T     FE54_7     53.94  0.00000E+00  1.48963E-12   783.0   3.774
     3    28  Fe56T     FE56_7     55.93  0.00000E+00  1.22498E-12   783.0   3.715
     3    29  Fe57T     FE57_7     56.94  0.00000E+00  1.60924E-12   783.0   4.374
     3    30  Fe58T     FE58_7     57.93  0.00000E+00  1.05434E-12   783.0   6.514
     3    31  Cr50T     CR50_7     49.95  0.00000E+00  1.48382E-12   783.0   3.631
     3    32  Cr52T     CR52_7     51.94  0.00000E+00  1.27194E-12   783.0   3.725
     3    33  Cr53T     CR53_7     52.94  0.00000E+00  1.55710E-12   783.0   3.772
     3    34  Cr54T     CR54_7     53.94  0.00000E+00  1.00073E-12   783.0   3.819
     3    35  Mn55T     MN55_7     54.94  0.00000E+00  1.16481E-12   783.0   3.333
     3    36  Ni58T     NI58_7     57.94  0.00000E+00  1.44181E-12   783.0   5.147
     3    37  Ni60T     NI60_7     59.93  0.00000E+00  1.25285E-12   783.0   4.524
     3    38  Ni61T     NI61_7     60.93  0.00000E+00  1.69780E-12   783.0   5.309
     3    39  Ni62T     NI62_7     61.93  0.00000E+00  1.09550E-12   783.0   4.831
     3    40  Ni64T     NI64_7     63.93  0.00000E+00  9.76970E-13   783.0   7.163
     3    41  Mo92T     MO92_7     91.91  0.00000E+00  1.29248E-12   783.0   6.158
     3    42  Mo94T     MO94_7     93.91  0.00000E+00  1.18094E-12   783.0   5.983
     3    43  Mo95T     MO95_7     94.91  0.00000E+00  1.46656E-12   783.0   6.158
     3    44  Mo96T     MO96_7     95.90  0.00000E+00  1.09281E-12   783.0   6.158
     3    45  Mo97T     MO97_7     96.91  0.00000E+00  1.38458E-12   783.0   5.983
     3    46  Mo98T     MO98_7     97.91  0.00000E+00  9.49339E-13   783.0   5.983
     3    47  Mo00T     MO1007     99.91  0.00000E+00  8.64846E-13   783.0   5.983
     3    48  Na23R     NA23_7     22.99  0.00000E+00  1.11498E-12   628.0   3.678
     3    49  Fe54R     FE54_7     53.94  0.00000E+00  1.48963E-12   628.0   3.774
     3    50  Fe56R     FE56_7     55.93  0.00000E+00  1.22498E-12   628.0   3.715
     3    51  Fe57R     FE57_7     56.94  0.00000E+00  1.60924E-12   628.0   4.374
     3    52  Fe58R     FE58_7     57.93  0.00000E+00  1.05434E-12   628.0   6.514
     3    53  Cr50R     CR50_7     49.95  0.00000E+00  1.48382E-12   628.0   3.631
     3    54  Cr52R     CR52_7     51.94  0.00000E+00  1.27194E-12   628.0   3.725
     3    55  Cr53R     CR53_7     52.94  0.00000E+00  1.55710E-12   628.0   3.772
     3    56  Cr54R     CR54_7     53.94  0.00000E+00  1.00073E-12   628.0   3.819
     3    57  Mn55R     MN55_7     54.94  0.00000E+00  1.16481E-12   628.0   3.333
     3    58  Ni58R     NI58_7     57.94  0.00000E+00  1.44181E-12   628.0   5.147
     3    59  Ni60R     NI60_7     59.93  0.00000E+00  1.25285E-12   628.0   4.524
     3    60  Ni61R     NI61_7     60.93  0.00000E+00  1.69780E-12   628.0   5.309
     3    61  Ni62R     NI62_7     61.93  0.00000E+00  1.09550E-12   628.0   4.831
     3    62  Ni64R     NI64_7     63.93  0.00000E+00  9.76970E-13   628.0   7.163
     3    63  Mo92R     MO92_7     91.91  0.00000E+00  1.29248E-12   628.0   6.158
     3    64  Mo94R     MO94_7     93.91  0.00000E+00  1.18094E-12   628.0   5.983
     3    65  Mo95R     MO95_7     94.91  0.00000E+00  1.46656E-12   628.0   6.158
     3    66  Mo96R     MO96_7     95.90  0.00000E+00  1.09281E-12   628.0   6.158
     3    67  Mo97R     MO97_7     96.91  0.00000E+00  1.38458E-12   628.0   5.983
     3    68  Mo98R     MO98_7     97.91  0.00000E+00  9.49339E-13   628.0   5.983
     3    69  Mo00R     MO1007     99.91  0.00000E+00  8.64846E-13   628.0   5.983
     3    70  Na23S     NA23_7     22.99  0.00000E+00  1.11498E-12   628.0   3.678
     3    71  Fe54S     FE54_7     53.94  0.00000E+00  1.48963E-12   628.0   3.774
     3    72  Fe56S     FE56_7     55.93  0.00000E+00  1.22498E-12   628.0   3.715
     3    73  Fe57S     FE57_7     56.94  0.00000E+00  1.60924E-12   628.0   4.374
     3    74  Fe58S     FE58_7     57.93  0.00000E+00  1.05434E-12   628.0   6.514
     3    75  Cr50S     CR50_7     49.95  0.00000E+00  1.48382E-12   628.0   3.631
     3    76  Cr52S     CR52_7     51.94  0.00000E+00  1.27194E-12   628.0   3.725
     3    77  Cr53S     CR53_7     52.94  0.00000E+00  1.55710E-12   628.0   3.772
     3    78  Cr54S     CR54_7     53.94  0.00000E+00  1.00073E-12   628.0   3.819
     3    79  Mn55S     MN55_7     54.94  0.00000E+00  1.16481E-12   628.0   3.333
     3    80  Ni58S     NI58_7     57.94  0.00000E+00  1.44181E-12   628.0   5.147
     3    81  Ni60S     NI60_7     59.93  0.00000E+00  1.25285E-12   628.0   4.524
     3    82  Ni61S     NI61_7     60.93  0.00000E+00  1.69780E-12   628.0   5.309
     3    83  Ni62S     NI62_7     61.93  0.00000E+00  1.09550E-12   628.0   4.831
     3    84  Ni64S     NI64_7     63.93  0.00000E+00  9.76970E-13   628.0   7.163
     3    85  Mo92S     MO92_7     91.91  0.00000E+00  1.29248E-12   628.0   6.158
     3    86  Mo94S     MO94_7     93.91  0.00000E+00  1.18094E-12   628.0   5.983
     3    87  Mo95S     MO95_7     94.91  0.00000E+00  1.46656E-12   628.0   6.158
     3    88  Mo96S     MO96_7     95.90  0.00000E+00  1.09281E-12   628.0   6.158
     3    89  Mo97S     MO97_7     96.91  0.00000E+00  1.38458E-12   628.0   5.983
     3    90  Mo98S     MO98_7     97.91  0.00000E+00  9.49339E-13   628.0   5.983
     3    91  Mo00S     MO1007     99.91  0.00000E+00  8.64846E-13   628.0   5.983
     3    92  C12_S     C____7     12.00  0.00000E+00  7.92559E-13   628.0   4.739
     3    93  B10_S     B10__7     10.01  0.00000E+00  1.83537E-12   628.0   2.142
     3    94  B11_S     B11__7     11.01  0.00000E+00  5.39887E-13   628.0   4.840
     3    95  Na23B     NA23_7     22.99  0.00000E+00  1.11498E-12   628.0   3.678
     3    96  Fe54B     FE54_7     53.94  0.00000E+00  1.48963E-12   628.0   3.774
     3    97  Fe56B     FE56_7     55.93  0.00000E+00  1.22498E-12   628.0   3.715
     3    98  Fe57B     FE57_7     56.94  0.00000E+00  1.60924E-12   628.0   4.374
     3    99  Fe58B     FE58_7     57.93  0.00000E+00  1.05434E-12   628.0   6.514
     3   100  Cr50B     CR50_7     49.95  0.00000E+00  1.48382E-12   628.0   3.631
     3   101  Cr52B     CR52_7     51.94  0.00000E+00  1.27194E-12   628.0   3.725
     3   102  Cr53B     CR53_7     52.94  0.00000E+00  1.55710E-12   628.0   3.772
     3   103  Cr54B     CR54_7     53.94  0.00000E+00  1.00073E-12   628.0   3.819
     3   104  Mn55B     MN55_7     54.94  0.00000E+00  1.16481E-12   628.0   3.333
     3   105  Ni58B     NI58_7     57.94  0.00000E+00  1.44181E-12   628.0   5.147
     3   106  Ni60B     NI60_7     59.93  0.00000E+00  1.25285E-12   628.0   4.524
     3   107  Ni61B     NI61_7     60.93  0.00000E+00  1.69780E-12   628.0   5.309
     3   108  Ni62B     NI62_7     61.93  0.00000E+00  1.09550E-12   628.0   4.831
     3   109  Ni64B     NI64_7     63.93  0.00000E+00  9.76970E-13   628.0   7.163
     3   110  Mo92B     MO92_7     91.91  0.00000E+00  1.29248E-12   628.0   6.158
     3   111  Mo94B     MO94_7     93.91  0.00000E+00  1.18094E-12   628.0   5.983
     3   112  Mo95B     MO95_7     94.91  0.00000E+00  1.46656E-12   628.0   6.158
     3   113  Mo96B     MO96_7     95.90  0.00000E+00  1.09281E-12   628.0   6.158
     3   114  Mo97B     MO97_7     96.91  0.00000E+00  1.38458E-12   628.0   5.983
     3   115  Mo98B     MO98_7     97.91  0.00000E+00  9.49339E-13   628.0   5.983
     3   116  Mo00B     MO1007     99.91  0.00000E+00  8.64846E-13   628.0   5.983
     3   117  Na23L     NA23_7     22.99  0.00000E+00  1.11498E-12   628.0   3.678
     3   118  Fe54L     FE54_7     53.94  0.00000E+00  1.48963E-12   628.0   3.774
     3   119  Fe56L     FE56_7     55.93  0.00000E+00  1.22498E-12   628.0   3.715
     3   120  Fe57L     FE57_7     56.94  0.00000E+00  1.60924E-12   628.0   4.374
     3   121  Fe58L     FE58_7     57.93  0.00000E+00  1.05434E-12   628.0   6.514
     3   122  Cr50L     CR50_7     49.95  0.00000E+00  1.48382E-12   628.0   3.631
     3   123  Cr52L     CR52_7     51.94  0.00000E+00  1.27194E-12   628.0   3.725
     3   124  Cr53L     CR53_7     52.94  0.00000E+00  1.55710E-12   628.0   3.772
     3   125  Cr54L     CR54_7     53.94  0.00000E+00  1.00073E-12   628.0   3.819
     3   126  Mn55L     MN55_7     54.94  0.00000E+00  1.16481E-12   628.0   3.333
     3   127  Ni58L     NI58_7     57.94  0.00000E+00  1.44181E-12   628.0   5.147
     3   128  Ni60L     NI60_7     59.93  0.00000E+00  1.25285E-12   628.0   4.524
     3   129  Ni61L     NI61_7     60.93  0.00000E+00  1.69780E-12   628.0   5.309
     3   130  Ni62L     NI62_7     61.93  0.00000E+00  1.09550E-12   628.0   4.831
     3   131  Ni64L     NI64_7     63.93  0.00000E+00  9.76970E-13   628.0   7.163
     3   132  Mo92L     MO92_7     91.91  0.00000E+00  1.29248E-12   628.0   6.158
     3   133  Mo94L     MO94_7     93.91  0.00000E+00  1.18094E-12   628.0   5.983
     3   134  Mo95L     MO95_7     94.91  0.00000E+00  1.46656E-12   628.0   6.158
     3   135  Mo96L     MO96_7     95.90  0.00000E+00  1.09281E-12   628.0   6.158
     3   136  Mo97L     MO97_7     96.91  0.00000E+00  1.38458E-12   628.0   5.983
     3   137  Mo98L     MO98_7     97.91  0.00000E+00  9.49339E-13   628.0   5.983
     3   138  Mo00L     MO1007     99.91  0.00000E+00  8.64846E-13   628.0   5.983
     3   139  Na23X     NA23_7     22.99  0.00000E+00  1.11498E-12   628.0   3.678
     3   140  Fe54X     FE54_7     53.94  0.00000E+00  1.48963E-12   628.0   3.774
     3   141  Fe56X     FE56_7     55.93  0.00000E+00  1.22498E-12   628.0   3.715
     3   142  Fe57X     FE57_7     56.94  0.00000E+00  1.60924E-12   628.0   4.374
     3   143  Fe58X     FE58_7     57.93  0.00000E+00  1.05434E-12   628.0   6.514
     3   144  Cr50X     CR50_7     49.95  0.00000E+00  1.48382E-12   628.0   3.631
     3   145  Cr52X     CR52_7     51.94  0.00000E+00  1.27194E-12   628.0   3.725
     3   146  Cr53X     CR53_7     52.94  0.00000E+00  1.55710E-12   628.0   3.772
     3   147  Cr54X     CR54_7     53.94  0.00000E+00  1.00073E-12   628.0   3.819
     3   148  Mn55X     MN55_7     54.94  0.00000E+00  1.16481E-12   628.0   3.333
     3   149  Ni58X     NI58_7     57.94  0.00000E+00  1.44181E-12   628.0   5.147
     3   150  Ni60X     NI60_7     59.93  0.00000E+00  1.25285E-12   628.0   4.524
     3   151  Ni61X     NI61_7     60.93  0.00000E+00  1.69780E-12   628.0   5.309
     3   152  Ni62X     NI62_7     61.93  0.00000E+00  1.09550E-12   628.0   4.831
     3   153  Ni64X     NI64_7     63.93  0.00000E+00  9.76970E-13   628.0   7.163
     3   154  Mo92X     MO92_7     91.91  0.00000E+00  1.29248E-12   628.0   6.158
     3   155  Mo94X     MO94_7     93.91  0.00000E+00  1.18094E-12   628.0   5.983
     3   156  Mo95X     MO95_7     94.91  0.00000E+00  1.46656E-12   628.0   6.158
     3   157  Mo96X     MO96_7     95.90  0.00000E+00  1.09281E-12   628.0   6.158
     3   158  Mo97X     MO97_7     96.91  0.00000E+00  1.38458E-12   628.0   5.983
     3   159  Mo98X     MO98_7     97.91  0.00000E+00  9.49339E-13   628.0   5.983
     3   160  Mo00X     MO1007     99.91  0.00000E+00  8.64846E-13   628.0   5.983
 
@summary----------------------------------------------------------------------------------
 input  file: input               (standard input)                                                  
 output file: output              (standard output)                                                 

 elapsed times (sec)
   time for input                =           0.01
   time for allocation           =           0.00
   time for mcclib               =           0.00
   time for preprocess           =           0.00
   time for xs preparation       =           0.00
   time for 0dtransport          =           0.00
   time for 1dtransport          =           0.00
   time for group condensation   =           0.00
   time for isotxsmerge          =           0.00
   time for twodant              =           0.00
   total time                    =           3.06

 allocated memories
   required real    size (Mb)    =           0.00
   required integer size (Mb)    =           0.00
 
 Job ended at   16:02:38.19 02/21/2020 cool1934p02.engin.umich.edu
 mcc--mcc-mcc-mcc-mcc-mcc-mcc-mcc-mcc-mcc-mcc-mcc-mcc-mcc-mcc-mcc-mcc-mcc-mcc-mcc-mcc--mcc
 mcc                                                                                   mcc
 mcc                             Job completed successfully                            mcc
 mcc                                                                                   mcc
 mcc--mcc-mcc-mcc-mcc-mcc-mcc-mcc-mcc-mcc-mcc-mcc-mcc-mcc-mcc-mcc-mcc-mcc-mcc-mcc-mcc--mcc
